Build started 11.06.2012 18:19:30.
     1>Project "D:\Kinect\Kinect\GreenScreen-D2D\GreenScreen-D2D.vcxproj" on node 2 (build target(s)).
     1>InitializeBuildStatus:
         Creating "Debug\GreenScreen-D2D.unsuccessfulbuild" because "AlwaysCreate" was specified.
       ClCompile:
         c:\Program Files\Microsoft Visual Studio 10.0\VC\bin\CL.exe /c /ZI /nologo /W3 /WX- /Od /Oy- /D WIN32 /D _DEBUG /D _WINDOWS /D _UNICODE /D UNICODE /Gm /EHsc /RTC1 /MTd /GS /fp:precise /Zc:wchar_t /Zc:forScope /Fo"Debug\\" /Fd"Debug\vc100.pdb" /Gd /TP /analyze- /errorReport:prompt ImageRenderer.cpp GreenScreen.cpp
         GreenScreen.cpp
         ImageRenderer.cpp
         Generating Code...
       ResourceCompile:
         C:\Program Files\Microsoft SDKs\Windows\v7.0A\bin\rc.exe /D _UNICODE /D UNICODE /l"0x0409" /nologo /fo"Debug\GreenScreen.res" GreenScreen.rc 
       ManifestResourceCompile:
         C:\Program Files\Microsoft SDKs\Windows\v7.0A\bin\rc.exe /nologo /fo"Debug\GreenScreen-D2D.exe.embed.manifest.res" Debug\GreenScreen-D2D_manifest.rc 
       Link:
         c:\Program Files\Microsoft Visual Studio 10.0\VC\bin\link.exe /ERRORREPORT:PROMPT /OUT:"D:\Kinect\Kinect\GreenScreen-D2D\Debug\GreenScreen-D2D.exe" /INCREMENTAL /NOLOGO shlwapi.lib Windowscodecs.lib kernel32.lib user32.lib winspool.lib comdlg32.lib advapi32.lib shell32.lib ole32.lib oleaut32.lib uuid.lib odbc32.lib odbccp32.lib Kinect10.lib kernel32.lib user32.lib gdi32.lib winspool.lib comdlg32.lib advapi32.lib shell32.lib ole32.lib oleaut32.lib uuid.lib odbc32.lib odbccp32.lib /MANIFEST /ManifestFile:"Debug\GreenScreen-D2D.exe.intermediate.manifest" /MANIFESTUAC:"level='asInvoker' uiAccess='false'" /DEBUG /PDB:"D:\Kinect\Kinect\GreenScreen-D2D\Debug\GreenScreen-D2D.pdb" /SUBSYSTEM:WINDOWS /STACK:"10000000","10000000" /TLBID:1 /DYNAMICBASE /NXCOMPAT /IMPLIB:"D:\Kinect\Kinect\GreenScreen-D2D\Debug\GreenScreen-D2D.lib" /MACHINE:X86 Debug\GreenScreen.res
         "Debug\GreenScreen-D2D.exe.embed.manifest.res"
         Debug\ImageRenderer.obj
         Debug\GreenScreen.obj
       Manifest:
         C:\Program Files\Microsoft SDKs\Windows\v7.0A\bin\mt.exe /nologo /verbose /out:"Debug\GreenScreen-D2D.exe.embed.manifest" /manifest "Debug\GreenScreen-D2D.exe.intermediate.manifest"
         C:\Program Files\Microsoft SDKs\Windows\v7.0A\bin\rc.exe /nologo /fo"Debug\GreenScreen-D2D.exe.embed.manifest.res" Debug\GreenScreen-D2D_manifest.rc 
       LinkEmbedManifest:
         c:\Program Files\Microsoft Visual Studio 10.0\VC\bin\link.exe /ERRORREPORT:PROMPT /OUT:"D:\Kinect\Kinect\GreenScreen-D2D\Debug\GreenScreen-D2D.exe" /INCREMENTAL /NOLOGO shlwapi.lib Windowscodecs.lib kernel32.lib user32.lib winspool.lib comdlg32.lib advapi32.lib shell32.lib ole32.lib oleaut32.lib uuid.lib odbc32.lib odbccp32.lib Kinect10.lib kernel32.lib user32.lib gdi32.lib winspool.lib comdlg32.lib advapi32.lib shell32.lib ole32.lib oleaut32.lib uuid.lib odbc32.lib odbccp32.lib /MANIFEST /ManifestFile:"Debug\GreenScreen-D2D.exe.intermediate.manifest" /MANIFESTUAC:"level='asInvoker' uiAccess='false'" /DEBUG /PDB:"D:\Kinect\Kinect\GreenScreen-D2D\Debug\GreenScreen-D2D.pdb" /SUBSYSTEM:WINDOWS /STACK:"10000000","10000000" /TLBID:1 /DYNAMICBASE /NXCOMPAT /IMPLIB:"D:\Kinect\Kinect\GreenScreen-D2D\Debug\GreenScreen-D2D.lib" /MACHINE:X86 Debug\GreenScreen.res
         "Debug\GreenScreen-D2D.exe.embed.manifest.res"
         Debug\ImageRenderer.obj
         Debug\GreenScreen.obj
         GreenScreen-D2D.vcxproj -> D:\Kinect\Kinect\GreenScreen-D2D\Debug\GreenScreen-D2D.exe
       FinalizeBuildStatus:
         Deleting file "Debug\GreenScreen-D2D.unsuccessfulbuild".
         Touching "Debug\GreenScreen-D2D.lastbuildstate".
     1>Done Building Project "D:\Kinect\Kinect\GreenScreen-D2D\GreenScreen-D2D.vcxproj" (build target(s)).

Build succeeded.

Time Elapsed 00:00:07.32
